my-certs/staging-server/front-end-web [id: 2360023450475626742225]
Certificate: -----BEGIN CERTIFICATE-----
2eIWoziwf4CV9B6Jy7+gqJ7S5LleXMI41AlbHoIgHRiMfkYjgjkLShshjjAgJiwT
wbxql6By1MDXVwxvnPJg4cwscE3PO/iK7I+u8fCDWRLm+WuMaiOrVRuOFDNdx9GZ
hjMLRqpmgePn7ui2G+wotwm79lS5L5MITpFsNQj0/4MyMIE6dPjm6UQ3rUOaAFbU
rPaXH8lsc6KQgNcKpf+F3KT4SUSDCpVcUx/adVwSV4cBQ/WWBmtUcEN5U4MHnnNe
Wzg4MZPrOOQrdD9ZKzTUNfhJFX587Fb+AToK48hy+IE/Oyj7GQPqyRVkUUaFkHiG
T6i81qWqj3kc/wcxiC7/6Qo31eNVMDfDmcnh9vApH9Tf2viEtXA0VKJr1atzfjVq
6f58l8yiQDxSjlMhg+5CO6U/0V/BV/YT0BTwyrJyQ1H4rqB1KpSawNyQQuJQbkEX
ieLeufNTbyO7v3VbyG66MA5e4O0f5PsLPNusL1BS4MiLyt2+2zEV9061T3jER0F6
UbPnMteGntP8Uk5P0ZrBxNjiJUad+nTuFk/xNkIIy99Z5tg2mWRJX8Gfjl1tk/1w
X+6mEZbmLgGJ7KzSDCv9MTw9T9QvW6cFzfo8CEx6m84oXlXOqPa2S34FZW8JNR0f
LW+WECWmKXj+7oefQ8Igu/44CS5PwKmEDYu7y5hvrbZ7UWD+5l3Ire/4vlgSE/Bl
+8ZMQJzFxYCb+ymMLuGNhcI9TlJpgH5cozA/eYSNQorO2gRyI7wv6GA29VqPdQSD
RvOC7dEG9kNa4slzDnDQ2xDqvPh6vk/FAxmIKerj0NdSqgL28/NdkC/PZnfRzCLm
WUCBSZHnPoermT7aoxn1a4YYG7otQ0c97Xg4fqMW7jpQyaQmnkVp1uXbEHBJQgf+
KN0gZb+0Qwha5IWx8b0EozNxr4tatPgBUJKezUSTsBu72c3FHmnobCzfAQxcXkvY
oBFo2J7J7zgX7dC8dXI0AEfzK026uInI9UiCxlSabG4UvrcDsevtUH0QFzOdIKc2
CbZw4bfqBIMPweJ1ZUfbQkBA8VuIvhXiQZn2O8uIx8xe9801LfM7Z3vBUuqL9IW2
cdq1yfJszKzZMSVkPiwjkNFEl+FXs824rk31UUnITxrYODYhIISDKegBUruViqkF
sy/q36uMSvMyqvEgpVAq1sGqdotH6q516QI5NJZL06Q1oansqdurPsBpSp34v9mC
6dJPR8dRIaqz3q3srdaRUKGt6WX5RxQ9DdHMi2AwlSbKcqsVengJRYEOGi+GgeYV
4ViqDavKlKTmDbjxbSl03V9dF4pqKbM8diSLK62P97lVgGu9aE8Ti3VwQ39OWkoj
owGH9CsgWPamee69rw16sw==
-----END CERTIFICATE-----
NoteType: Custom_1230497198709871246
